* using log directory 'C:/Users/Jeroen/Documents/checks/padr.Rcheck'
* using R version 3.6.0 Under development (Testing Rtools) (2019-03-14 r76238)
* using platform: x86_64-w64-mingw32 (64-bit)
* using session charset: ISO8859-1
* using options '--no-manual --no-build-vignettes'
* checking for file 'padr/DESCRIPTION' ... OK
* checking extension type ... Package
* this is package 'padr' version '0.4.1'
* package encoding: UTF-8
* checking package namespace information ... OK
* checking package dependencies ... OK
* checking if this is a source package ... OK
* checking if there is a namespace ... OK
* checking for executable files ... OK
* checking for hidden files and directories ... OK
* checking for portable file names ... OK
* checking whether package 'padr' can be installed ... OK
* checking installed package size ... NOTE
  installed size is  5.2Mb
  sub-directories of 1Mb or more:
    data   1.7Mb
    doc    1.3Mb
    libs   2.0Mb
* checking package directory ... OK
* checking 'build' directory ... OK
* checking DESCRIPTION meta-information ... OK
* checking top-level files ... OK
* checking for left-over files ... OK
* checking index information ... OK
* checking package subdirectories ... OK
* checking R files for non-ASCII characters ... OK
* checking R files for syntax errors ... OK
* loading checks for arch 'i386'
** checking whether the package can be loaded ... OK
** checking whether the package can be loaded with stated dependencies ... OK
** checking whether the package can be unloaded cleanly ... OK
** checking whether the namespace can be loaded with stated dependencies ... OK
** checking whether the namespace can be unloaded cleanly ... OK
** checking loading without being on the library search path ... OK
* loading checks for arch 'x64'
** checking whether the package can be loaded ... OK
** checking whether the package can be loaded with stated dependencies ... OK
** checking whether the package can be unloaded cleanly ... OK
** checking whether the namespace can be loaded with stated dependencies ... OK
** checking whether the namespace can be unloaded cleanly ... OK
** checking loading without being on the library search path ... OK
* checking dependencies in R code ... OK
* checking S3 generic/method consistency ... OK
* checking replacement functions ... OK
* checking foreign function calls ... OK
* checking R code for possible problems ... OK
* checking Rd files ... OK
* checking Rd metadata ... OK
* checking Rd cross-references ... OK
* checking for missing documentation entries ... OK
* checking for code/documentation mismatches ... OK
* checking Rd \usage sections ... OK
* checking Rd contents ... OK
* checking for unstated dependencies in examples ... OK
* checking contents of 'data' directory ... OK
* checking data for non-ASCII characters ... OK
* checking data for ASCII and uncompressed saves ... OK
* checking line endings in C/C++/Fortran sources/headers ... OK
* checking compiled code ... OK
* checking installed files from 'inst/doc' ... OK
* checking files in 'vignettes' ... OK
* checking examples ...
** running examples for arch 'i386' ... OK
** running examples for arch 'x64' ... OK
* checking for unstated dependencies in 'tests' ... OK
* checking tests ...
** running tests for arch 'i386' ... ERROR
  Running 'testthat.R'
Running the tests in 'tests/testthat.R' failed.
Last 13 lines of output:
  1/1 mismatches
  [1] 25.3 - 22.8 == 2.5
  
  -- 4. Failure: fill_by_prevalent gives expected outcomes (@test_fill_functions.R
  `fill_by_prevalent(x_df, y1)` did not throw an error.
  
  == testthat results  ===========================================================
  OK: 584 SKIPPED: 1 FAILED: 4
  1. Failure: fill_by_function gives expected outcomes (@test_fill_functions.R#36) 
  2. Failure: fill_by_function gives expected outcomes (@test_fill_functions.R#37) 
  3. Failure: fill_by_function gives expected outcomes (@test_fill_functions.R#38) 
  4. Failure: fill_by_prevalent gives expected outcomes (@test_fill_functions.R#48) 
  
  Error: testthat unit tests failed
  Execution halted
** running tests for arch 'x64' ... ERROR
  Running 'testthat.R'
Running the tests in 'tests/testthat.R' failed.
Last 13 lines of output:
  1/1 mismatches
  [1] 25.3 - 22.8 == 2.5
  
  -- 4. Failure: fill_by_prevalent gives expected outcomes (@test_fill_functions.R
  `fill_by_prevalent(x_df, y1)` did not throw an error.
  
  == testthat results  ===========================================================
  OK: 584 SKIPPED: 1 FAILED: 4
  1. Failure: fill_by_function gives expected outcomes (@test_fill_functions.R#36) 
  2. Failure: fill_by_function gives expected outcomes (@test_fill_functions.R#37) 
  3. Failure: fill_by_function gives expected outcomes (@test_fill_functions.R#38) 
  4. Failure: fill_by_prevalent gives expected outcomes (@test_fill_functions.R#48) 
  
  Error: testthat unit tests failed
  Execution halted
* checking for unstated dependencies in vignettes ... OK
* checking package vignettes in 'inst/doc' ... OK
* checking running R code from vignettes ... NONE
* checking re-building of vignette outputs ... SKIPPED
* DONE
Status: 2 ERRORs, 1 NOTE
