* using log directory 'C:/Users/Jeroen/Documents/checks/lsbclust.Rcheck'
* using R version 3.6.0 Under development (Testing Rtools) (2019-03-14 r76238)
* using platform: x86_64-w64-mingw32 (64-bit)
* using session charset: ISO8859-1
* using options '--no-manual --no-build-vignettes'
* checking for file 'lsbclust/DESCRIPTION' ... OK
* checking extension type ... Package
* this is package 'lsbclust' version '1.0.5'
* checking package namespace information ... OK
* checking package dependencies ... OK
* checking if this is a source package ... OK
* checking if there is a namespace ... OK
* checking for executable files ... OK
* checking for hidden files and directories ... OK
* checking for portable file names ... OK
* checking whether package 'lsbclust' can be installed ... OK
* checking installed package size ... OK
* checking package directory ... OK
* checking DESCRIPTION meta-information ... OK
* checking top-level files ... OK
* checking for left-over files ... OK
* checking index information ... OK
* checking package subdirectories ... OK
* checking R files for non-ASCII characters ... OK
* checking R files for syntax errors ... OK
* loading checks for arch 'i386'
** checking whether the package can be loaded ... OK
** checking whether the package can be loaded with stated dependencies ... OK
** checking whether the package can be unloaded cleanly ... OK
** checking whether the namespace can be loaded with stated dependencies ... OK
** checking whether the namespace can be unloaded cleanly ... OK
** checking loading without being on the library search path ... OK
* loading checks for arch 'x64'
** checking whether the package can be loaded ... OK
** checking whether the package can be loaded with stated dependencies ... OK
** checking whether the package can be unloaded cleanly ... OK
** checking whether the namespace can be loaded with stated dependencies ... OK
** checking whether the namespace can be unloaded cleanly ... OK
** checking loading without being on the library search path ... OK
* checking dependencies in R code ... OK
* checking S3 generic/method consistency ... OK
* checking replacement functions ... OK
* checking foreign function calls ... OK
* checking R code for possible problems ... OK
* checking Rd files ... OK
* checking Rd metadata ... OK
* checking Rd cross-references ... OK
* checking for missing documentation entries ... OK
* checking for code/documentation mismatches ... OK
* checking Rd \usage sections ... OK
* checking Rd contents ... OK
* checking for unstated dependencies in examples ... OK
* checking contents of 'data' directory ... OK
* checking data for non-ASCII characters ... OK
* checking data for ASCII and uncompressed saves ... OK
* checking line endings in C/C++/Fortran sources/headers ... OK
* checking compiled code ... OK
* checking examples ...
** running examples for arch 'i386' ... OK
** running examples for arch 'x64' ... OK
* checking for unstated dependencies in 'tests' ... OK
* checking tests ...
** running tests for arch 'i386' ... ERROR
  Running 'testthat.R'
Running the tests in 'tests/testthat.R' failed.
Last 13 lines of output:
  ovl$centers not equal to ovltest$centers.
  3/12 mismatches (average diff: 3.68)
  [8]  7.22 - 2.70 ==  4.52
  [9]  2.70 - 1.70 ==  1.00
  [10] 1.70 - 7.22 == -5.52
  
  K-means on row margins...	DONE
  K-means on column margins...	DONE
  == testthat results  ===========================================================
  OK: 34 SKIPPED: 0 FAILED: 2
  1. Failure: cluster vector (@test_orc.R#29) 
  2. Failure: cluster means (@test_orc.R#33) 
  
  Error: testthat unit tests failed
  Execution halted
** running tests for arch 'x64' ... ERROR
  Running 'testthat.R'
Running the tests in 'tests/testthat.R' failed.
Last 13 lines of output:
  ovl$centers not equal to ovltest$centers.
  3/12 mismatches (average diff: 3.68)
  [8]  7.22 - 2.70 ==  4.52
  [9]  2.70 - 1.70 ==  1.00
  [10] 1.70 - 7.22 == -5.52
  
  K-means on row margins...	DONE
  K-means on column margins...	DONE
  == testthat results  ===========================================================
  OK: 34 SKIPPED: 0 FAILED: 2
  1. Failure: cluster vector (@test_orc.R#29) 
  2. Failure: cluster means (@test_orc.R#33) 
  
  Error: testthat unit tests failed
  Execution halted
* DONE
Status: 2 ERRORs
