* using log directory 'C:/Users/Jeroen/Documents/checks/Smisc.Rcheck'
* using R version 3.6.0 Under development (Testing Rtools) (2019-03-14 r76238)
* using platform: x86_64-w64-mingw32 (64-bit)
* using session charset: ISO8859-1
* using options '--no-manual --no-build-vignettes'
* checking for file 'Smisc/DESCRIPTION' ... OK
* this is package 'Smisc' version '0.3.9'
* checking package namespace information ... OK
* checking package dependencies ... OK
* checking if this is a source package ... OK
* checking if there is a namespace ... OK
* checking for executable files ... OK
* checking for hidden files and directories ... OK
* checking for portable file names ... OK
* checking whether package 'Smisc' can be installed ... OK
* checking installed package size ... OK
* checking package directory ... OK
* checking DESCRIPTION meta-information ... OK
* checking top-level files ... OK
* checking for left-over files ... OK
* checking index information ... OK
* checking package subdirectories ... OK
* checking R files for non-ASCII characters ... OK
* checking R files for syntax errors ... OK
* loading checks for arch 'i386'
** checking whether the package can be loaded ... OK
** checking whether the package can be loaded with stated dependencies ... OK
** checking whether the package can be unloaded cleanly ... OK
** checking whether the namespace can be loaded with stated dependencies ... OK
** checking whether the namespace can be unloaded cleanly ... OK
** checking loading without being on the library search path ... OK
* loading checks for arch 'x64'
** checking whether the package can be loaded ... OK
** checking whether the package can be loaded with stated dependencies ... OK
** checking whether the package can be unloaded cleanly ... OK
** checking whether the namespace can be loaded with stated dependencies ... OK
** checking whether the namespace can be unloaded cleanly ... OK
** checking loading without being on the library search path ... OK
* checking dependencies in R code ... OK
* checking S3 generic/method consistency ... OK
* checking replacement functions ... OK
* checking foreign function calls ... OK
* checking R code for possible problems ... OK
* checking Rd files ... OK
* checking Rd metadata ... OK
* checking Rd cross-references ... OK
* checking for missing documentation entries ... OK
* checking for code/documentation mismatches ... OK
* checking Rd \usage sections ... OK
* checking Rd contents ... OK
* checking for unstated dependencies in examples ... OK
* checking contents of 'data' directory ... OK
* checking data for non-ASCII characters ... OK
* checking data for ASCII and uncompressed saves ... OK
* checking line endings in C/C++/Fortran sources/headers ... OK
* checking compiled code ... OK
* checking installed files from 'inst/doc' ... OK
* checking examples ...
** running examples for arch 'i386' ... OK
** running examples for arch 'x64' ... OK
* checking for unstated dependencies in 'tests' ... OK
* checking tests ...
** running tests for arch 'i386' ... ERROR
  Running 'testthat.R'
Running the tests in 'tests/testthat.R' failed.
Last 13 lines of output:
  > test_check("Smisc")
  -- 1. Failure: parseJob() doesn't deviate from historical behavior (@test_parseJ
  `xout` not equal to `xin`.
  Component "x2": Component 1: Mean relative difference: 0.8461538
  Component "x2": Component 2: Mean relative difference: 0.7532468
  Component "x2": Component 3: Mean relative difference: 0.5416667
  Component "x2": Component 4: Mean relative difference: 0.34375
  Component "x2": Component 5: Mean relative difference: 0.5441176
  
  == testthat results  ===========================================================
  OK: 280 SKIPPED: 0 FAILED: 1
  1. Failure: parseJob() doesn't deviate from historical behavior (@test_parseJob.R#18) 
  
  Error: testthat unit tests failed
  Execution halted
** running tests for arch 'x64' ... ERROR
  Running 'testthat.R'
Running the tests in 'tests/testthat.R' failed.
Last 13 lines of output:
  > test_check("Smisc")
  -- 1. Failure: parseJob() doesn't deviate from historical behavior (@test_parseJ
  `xout` not equal to `xin`.
  Component "x2": Component 1: Mean relative difference: 0.8461538
  Component "x2": Component 2: Mean relative difference: 0.7532468
  Component "x2": Component 3: Mean relative difference: 0.5416667
  Component "x2": Component 4: Mean relative difference: 0.34375
  Component "x2": Component 5: Mean relative difference: 0.5441176
  
  == testthat results  ===========================================================
  OK: 281 SKIPPED: 0 FAILED: 1
  1. Failure: parseJob() doesn't deviate from historical behavior (@test_parseJob.R#18) 
  
  Error: testthat unit tests failed
  Execution halted
* DONE
Status: 2 ERRORs
