* using log directory 'C:/Users/Jeroen/Documents/checks/Seurat.Rcheck'
* using R version 3.6.0 Under development (Testing Rtools) (2019-03-14 r76238)
* using platform: x86_64-w64-mingw32 (64-bit)
* using session charset: ISO8859-1
* using options '--no-manual --no-build-vignettes'
* checking for file 'Seurat/DESCRIPTION' ... OK
* this is package 'Seurat' version '2.3.4'
* checking package namespace information ... OK
* checking package dependencies ... NOTE
Packages suggested but not available for checking:
  'loomR', 'SummarizedExperiment', 'SingleCellExperiment', 'MAST',
  'DESeq2', 'destiny'
* checking if this is a source package ... OK
* checking if there is a namespace ... OK
* checking for executable files ... OK
* checking for hidden files and directories ... OK
* checking for portable file names ... OK
* checking whether package 'Seurat' can be installed ... OK
* checking installed package size ... OK
* checking package directory ... OK
* checking DESCRIPTION meta-information ... OK
* checking top-level files ... OK
* checking for left-over files ... OK
* checking index information ... OK
* checking package subdirectories ... OK
* checking R files for non-ASCII characters ... OK
* checking R files for syntax errors ... OK
* loading checks for arch 'i386'
** checking whether the package can be loaded ... OK
** checking whether the package can be loaded with stated dependencies ... OK
** checking whether the package can be unloaded cleanly ... OK
** checking whether the namespace can be loaded with stated dependencies ... OK
** checking whether the namespace can be unloaded cleanly ... OK
** checking loading without being on the library search path ... OK
* loading checks for arch 'x64'
** checking whether the package can be loaded ... OK
** checking whether the package can be loaded with stated dependencies ... OK
** checking whether the package can be unloaded cleanly ... OK
** checking whether the namespace can be loaded with stated dependencies ... OK
** checking whether the namespace can be unloaded cleanly ... OK
** checking loading without being on the library search path ... OK
* checking dependencies in R code ... OK
* checking S3 generic/method consistency ... OK
* checking replacement functions ... OK
* checking foreign function calls ... OK
* checking R code for possible problems ... OK
* checking Rd files ... OK
* checking Rd metadata ... OK
* checking Rd cross-references ... OK
* checking for missing documentation entries ... OK
* checking for code/documentation mismatches ... OK
* checking Rd \usage sections ... OK
* checking Rd contents ... OK
* checking for unstated dependencies in examples ... OK
* checking contents of 'data' directory ... OK
* checking data for non-ASCII characters ... OK
* checking data for ASCII and uncompressed saves ... OK
* checking line endings in C/C++/Fortran sources/headers ... OK
* checking line endings in Makefiles ... OK
* checking compilation flags in Makevars ... OK
* checking for GNU extensions in Makefiles ... OK
* checking for portable use of $(BLAS_LIBS) and $(LAPACK_LIBS) ... OK
* checking compiled code ... OK
* checking examples ...
** running examples for arch 'i386' ... OK
** running examples for arch 'x64' ... OK
* checking for unstated dependencies in 'tests' ... OK
* checking tests ...
** running tests for arch 'i386' ... ERROR
  Running 'testthat.R'
Running the tests in 'tests/testthat.R' failed.
Last 13 lines of output:
  Computing nearest neighbor graph
  Computing SNN
  == testthat results  ===========================================================
  OK: 347 SKIPPED: 0 FAILED: 8
  1. Failure: Row merging done correctly (@test_data_manipulation.R#22) 
  2. Failure: Row merging done correctly (@test_data_manipulation.R#23) 
  3. Error: Row merging done correctly (@test_data_manipulation.R#24) 
  4. Failure: max.cells.per.ident downsamples properly (@test_interaction.R#70) 
  5. Failure: CCA returns the expected cell.embeddings matrix values when run on two objects (@test_seurat_object.R#228) 
  6. Failure: CCA returns the expected cell.embeddings matrix values when run on two objects (@test_seurat_object.R#229) 
  7. Failure: CCA returns the expected cell.embeddings matrix values when run on single object (@test_seurat_object.R#234) 
  8. Failure: CCA returns the expected cell.embeddings matrix values when run on single object (@test_seurat_object.R#235) 
  
  Error: testthat unit tests failed
  Execution halted
** running tests for arch 'x64' ... ERROR
  Running 'testthat.R'
Running the tests in 'tests/testthat.R' failed.
Last 13 lines of output:
  Computing nearest neighbor graph
  Computing SNN
  == testthat results  ===========================================================
  OK: 347 SKIPPED: 0 FAILED: 8
  1. Failure: Row merging done correctly (@test_data_manipulation.R#22) 
  2. Failure: Row merging done correctly (@test_data_manipulation.R#23) 
  3. Error: Row merging done correctly (@test_data_manipulation.R#24) 
  4. Failure: max.cells.per.ident downsamples properly (@test_interaction.R#70) 
  5. Failure: CCA returns the expected cell.embeddings matrix values when run on two objects (@test_seurat_object.R#228) 
  6. Failure: CCA returns the expected cell.embeddings matrix values when run on two objects (@test_seurat_object.R#229) 
  7. Failure: CCA returns the expected cell.embeddings matrix values when run on single object (@test_seurat_object.R#234) 
  8. Failure: CCA returns the expected cell.embeddings matrix values when run on single object (@test_seurat_object.R#235) 
  
  Error: testthat unit tests failed
  Execution halted
* DONE
Status: 2 ERRORs, 1 NOTE
